<?xml version="1.0" encoding="UTF-8"?>
<testsuite xmlns:xsi="http://www.w3.org/2001/XMLSchema-instance" xsi:noNamespaceSchemaLocation="https://maven.apache.org/surefire/maven-surefire-plugin/xsd/surefire-test-report-3.0.xsd" version="3.0" name="com.vcf400.service.StaticScreenServiceTest$Boundary" time="2.985" tests="2" errors="0" skipped="0" failures="0">
  <properties>
[...]
</properties>
  <testcase name="truncatesSecondParameter" classname="com.vcf400.service.StaticScreenServiceTest$Boundary" time="0.438">
    <system-out><![CDATA[16:38:03.619 [main] INFO org.springframework.test.context.support.AnnotationConfigContextLoaderUtils -- Could not detect default configuration classes for test class [com.vcf400.service.StaticScreenServiceTest]: StaticScreenServiceTest does not declare any static, non-private, non-final, nested classes annotated with @Configuration.
16:38:03.732 [main] INFO org.springframework.boot.test.context.SpringBootTestContextBootstrapper -- Found @SpringBootConfiguration com.vcf400.Vcf400Application for test class com.vcf400.service.StaticScreenServiceTest
16:38:03.757 [main] INFO org.springframework.test.context.support.AnnotationConfigContextLoaderUtils -- Could not detect default configuration classes for test class [com.vcf400.service.StaticScreenServiceTest$Boundary]: Boundary does not declare any static, non-private, non-final, nested classes annotated with @Configuration.
16:38:03.764 [main] INFO org.springframework.boot.test.context.SpringBootTestContextBootstrapper -- Found @SpringBootConfiguration com.vcf400.Vcf400Application for test class com.vcf400.service.StaticScreenServiceTest$Boundary

  .   ____          _            __ _ _
 /\\ / ___'_ __ _ _(_)_ __  __ _ \ \ \ \
( ( )\___ | '_ | '_| | '_ \/ _` | \ \ \ \
 \\/  ___)| |_)| | | | | || (_| |  ) ) ) )
  '  |____| .__|_| |_|_| |_\__, | / / / /
 =========|_|==============|___/=/_/_/_/

 :: Spring Boot ::                (v3.3.5)

2026-09-02T16:38:04.072Z  INFO 22119 --- [           main] c.v.service.StaticScreenServiceTest      : Starting StaticScreenServiceTest using Java 17.0.13 with PID 22119 (started by ubuntu in /home/ubuntu/repos/VCF400/java)
2026-09-02T16:38:04.073Z  INFO 22119 --- [           main] c.v.service.StaticScreenServiceTest      : No active profile set, falling back to 1 default profile: "default"
2026-09-02T16:38:04.345Z  INFO 22119 --- [           main] .s.d.r.c.RepositoryConfigurationDelegate : Bootstrapping Spring Data JPA repositories in DEFAULT mode.
2026-09-02T16:38:04.395Z  INFO 22119 --- [           main] .s.d.r.c.RepositoryConfigurationDelegate : Finished Spring Data repository scanning in 42 ms. Found 8 JPA repository interfaces.
2026-09-02T16:38:04.433Z  INFO 22119 --- [           main] beddedDataSourceBeanFactoryPostProcessor : Replacing 'dataSource' DataSource bean with embedded version
2026-09-02T16:38:04.538Z  INFO 22119 --- [           main] o.s.j.d.e.EmbeddedDatabaseFactory        : Starting embedded database: url='jdbc:h2:mem:3c9cff9e-c9f3-45c8-bf5d-94ba884f704d;DB_CLOSE_DELAY=-1;DB_CLOSE_ON_EXIT=false', username='sa'
2026-09-02T16:38:04.833Z  INFO 22119 --- [           main] o.hibernate.jpa.internal.util.LogHelper  : HHH000204: Processing PersistenceUnitInfo [name: default]
2026-09-02T16:38:04.879Z  INFO 22119 --- [           main] org.hibernate.Version                    : HHH000412: Hibernate ORM core version 6.5.3.Final
2026-09-02T16:38:04.904Z  INFO 22119 --- [           main] o.h.c.internal.RegionFactoryInitiator    : HHH000026: Second-level cache disabled
2026-09-02T16:38:05.124Z  INFO 22119 --- [           main] o.s.o.j.p.SpringPersistenceUnitInfo      : No LoadTimeWeaver setup: ignoring JPA class transformer
2026-09-02T16:38:05.938Z  INFO 22119 --- [           main] o.h.e.t.j.p.i.JtaPlatformInitiator       : HHH000489: No JTA platform available (set 'hibernate.transaction.jta.platform' to enable JTA platform integration)
Hibernate: drop table if exists "awarddb" cascade 
Hibernate: drop table if exists "bmovdb" cascade 
Hibernate: drop table if exists "exhbdb" cascade 
Hibernate: drop table if exists "guestbkdb" cascade 
Hibernate: drop table if exists "lrn400str" cascade 
Hibernate: drop table if exists "secofrs" cascade 
Hibernate: drop table if exists "settings" cascade 
Hibernate: drop table if exists "votingdb" cascade 
Hibernate: create table "awarddb" ("awardid" integer not null, "awarddesc" varchar(255), "awardtitle" varchar(255), primary key ("awardid"))
Hibernate: create table "bmovdb" ("line" varchar(255) not null, "speaker" varchar(255), primary key ("line"))
Hibernate: create table "exhbdb" ("eligible" integer, "enlrn400" integer, "exhbdbid" integer, "exhbcity" varchar(255), "exhbdesc" varchar(255), "exhbitor" varchar(255), "exhbstate" varchar(255), "exhbtitle" varchar(255), "exhusrprf" varchar(255) not null, primary key ("exhusrprf"))
Hibernate: create table "guestbkdb" ("cmtid" integer not null, "exhbid" varchar(255), "guestcmt" varchar(255), "guestname" varchar(255), "visible" varchar(255), primary key ("cmtid"))
Hibernate: create table "lrn400str" ("pagenbr" integer not null, "content" varchar(255), "extra" varchar(255), "owner" varchar(255) not null, primary key ("pagenbr", "owner"))
Hibernate: create table "secofrs" ("userprof" varchar(255) not null, primary key ("userprof"))
Hibernate: create table "settings" ("setting" varchar(255) not null, "value" varchar(255), primary key ("setting"))
Hibernate: create table "votingdb" ("awardnbr" integer, "badgenbr" integer not null, "exhbnbr" varchar(255), primary key ("badgenbr"))
2026-09-02T16:38:05.975Z  INFO 22119 --- [           main] j.LocalContainerEntityManagerFactoryBean : Initialized JPA EntityManagerFactory for persistence unit 'default'
2026-09-02T16:38:06.274Z  INFO 22119 --- [           main] c.v.service.StaticScreenServiceTest      : Started StaticScreenServiceTest in 2.474 seconds (process running for 3.479)
Hibernate: select a1_0."awardid",a1_0."awarddesc",a1_0."awardtitle" from "awarddb" a1_0 where a1_0."awardid"=?
Hibernate: select a1_0."awardid",a1_0."awarddesc",a1_0."awardtitle" from "awarddb" a1_0 where a1_0."awardid"=?
Hibernate: select e1_0."exhusrprf",e1_0."eligible",e1_0."enlrn400",e1_0."exhbcity",e1_0."exhbdesc",e1_0."exhbitor",e1_0."exhbstate",e1_0."exhbtitle",e1_0."exhbdbid" from "exhbdb" e1_0 where e1_0."exhusrprf"=?
Hibernate: select e1_0."exhusrprf",e1_0."eligible",e1_0."enlrn400",e1_0."exhbcity",e1_0."exhbdesc",e1_0."exhbitor",e1_0."exhbstate",e1_0."exhbtitle",e1_0."exhbdbid" from "exhbdb" e1_0 where e1_0."exhusrprf"=?
Hibernate: select s1_0."setting",s1_0."value" from "settings" s1_0 where s1_0."setting"=?
Hibernate: select s1_0."setting",s1_0."value" from "settings" s1_0 where s1_0."setting"=?
Hibernate: select lp1_0."owner",lp1_0."pagenbr",lp1_0."content",lp1_0."extra" from "lrn400str" lp1_0 where (lp1_0."owner",lp1_0."pagenbr") in ((?,?))
Hibernate: select lp1_0."owner",lp1_0."pagenbr",lp1_0."content",lp1_0."extra" from "lrn400str" lp1_0 where (lp1_0."owner",lp1_0."pagenbr") in ((?,?))
Hibernate: select lp1_0."owner",lp1_0."pagenbr",lp1_0."content",lp1_0."extra" from "lrn400str" lp1_0 where (lp1_0."owner",lp1_0."pagenbr") in ((?,?))
Hibernate: select lp1_0."owner",lp1_0."pagenbr",lp1_0."content",lp1_0."extra" from "lrn400str" lp1_0 where (lp1_0."owner",lp1_0."pagenbr") in ((?,?))
Hibernate: select lp1_0."owner",lp1_0."pagenbr",lp1_0."content",lp1_0."extra" from "lrn400str" lp1_0 where (lp1_0."owner",lp1_0."pagenbr") in ((?,?))
]]></system-out>
  </testcase>
  <testcase name="truncatesFirstParameter" classname="com.vcf400.service.StaticScreenServiceTest$Boundary" time="0.015">
    <system-out><![CDATA[Hibernate: select a1_0."awardid",a1_0."awarddesc",a1_0."awardtitle" from "awarddb" a1_0 where a1_0."awardid"=?
Hibernate: select a1_0."awardid",a1_0."awarddesc",a1_0."awardtitle" from "awarddb" a1_0 where a1_0."awardid"=?
Hibernate: select e1_0."exhusrprf",e1_0."eligible",e1_0."enlrn400",e1_0."exhbcity",e1_0."exhbdesc",e1_0."exhbitor",e1_0."exhbstate",e1_0."exhbtitle",e1_0."exhbdbid" from "exhbdb" e1_0 where e1_0."exhusrprf"=?
Hibernate: select e1_0."exhusrprf",e1_0."eligible",e1_0."enlrn400",e1_0."exhbcity",e1_0."exhbdesc",e1_0."exhbitor",e1_0."exhbstate",e1_0."exhbtitle",e1_0."exhbdbid" from "exhbdb" e1_0 where e1_0."exhusrprf"=?
Hibernate: select s1_0."setting",s1_0."value" from "settings" s1_0 where s1_0."setting"=?
Hibernate: select s1_0."setting",s1_0."value" from "settings" s1_0 where s1_0."setting"=?
Hibernate: select lp1_0."owner",lp1_0."pagenbr",lp1_0."content",lp1_0."extra" from "lrn400str" lp1_0 where (lp1_0."owner",lp1_0."pagenbr") in ((?,?))
Hibernate: select lp1_0."owner",lp1_0."pagenbr",lp1_0."content",lp1_0."extra" from "lrn400str" lp1_0 where (lp1_0."owner",lp1_0."pagenbr") in ((?,?))
Hibernate: select lp1_0."owner",lp1_0."pagenbr",lp1_0."content",lp1_0."extra" from "lrn400str" lp1_0 where (lp1_0."owner",lp1_0."pagenbr") in ((?,?))
Hibernate: select lp1_0."owner",lp1_0."pagenbr",lp1_0."content",lp1_0."extra" from "lrn400str" lp1_0 where (lp1_0."owner",lp1_0."pagenbr") in ((?,?))
Hibernate: select lp1_0."owner",lp1_0."pagenbr",lp1_0."content",lp1_0."extra" from "lrn400str" lp1_0 where (lp1_0."owner",lp1_0."pagenbr") in ((?,?))
]]></system-out>
  </testcase>
</testsuite>